# JRE version: OpenJDK Runtime Environment Corretto-16.0.2.7.1 (16.0.2+7) (build 16.0.2+7)
# Java VM: OpenJDK 64-Bit Server VM Corretto-16.0.2.7.1 (16.0.2+7, mixed mode, sharing, tiered, compressed oops, compressed class ptrs, g1 gc, windows-amd64)
GC Precious Log:
 CPUs: 4 total, 4 available
 Memory: 3981M
 Large Page Support: Disabled
 NUMA Support: Disabled
 Compressed Oops: Enabled (32-bit)
 Heap Region Size: 1M
 Heap Min Capacity: 8M
 Heap Initial Capacity: 64M
 Heap Max Capacity: 996M
 Pre-touch: Disabled
 Parallel Workers: 4
 Concurrent Workers: 1
 Concurrent Refinement Workers: 4
 Periodic GC: Disabled
Heap:
 garbage-first heap   total 30720K, used 14808K [0x00000000c1c00000, 0x0000000100000000)
  region size 1024K, 8 young (8192K), 1 survivors (1024K)
 Metaspace       used 30233K, committed 30400K, reserved 1081344K
  class space    used 3081K, committed 3136K, reserved 1048576K
GC Heap History (20 events):
Event: 119.485 GC heap before
{Heap before GC invocations=6 (full 0):
 garbage-first heap   total 34816K, used 23840K [0x00000000c1c00000, 0x0000000100000000)
  region size 1024K, 17 young (17408K), 2 survivors (2048K)
 Metaspace       used 24524K, committed 24640K, reserved 1073152K
  class space    used 2458K, committed 2496K, reserved 1048576K
}
Event: 119.489 GC heap after
{Heap after GC invocations=7 (full 0):
 garbage-first heap   total 34816K, used 8638K [0x00000000c1c00000, 0x0000000100000000)
  region size 1024K, 2 young (2048K), 2 survivors (2048K)
 Metaspace       used 24524K, committed 24640K, reserved 1073152K
  class space    used 2458K, committed 2496K, reserved 1048576K
}
Event: 127.164 GC heap before
{Heap before GC invocations=7 (full 0):
 garbage-first heap   total 34816K, used 23998K [0x00000000c1c00000, 0x0000000100000000)
  region size 1024K, 17 young (17408K), 2 survivors (2048K)
 Metaspace       used 25143K, committed 25344K, reserved 1073152K
  class space    used 2491K, committed 2624K, reserved 1048576K
}
Event: 127.167 GC heap after
{Heap after GC invocations=8 (full 0):
 garbage-first heap   total 34816K, used 8959K [0x00000000c1c00000, 0x0000000100000000)
  region size 1024K, 2 young (2048K), 2 survivors (2048K)
 Metaspace       used 25143K, committed 25344K, reserved 1073152K
  class space    used 2491K, committed 2624K, reserved 1048576K
}
Event: 150.811 GC heap before
{Heap before GC invocations=8 (full 0):
 garbage-first heap   total 34816K, used 23295K [0x00000000c1c00000, 0x0000000100000000)
  region size 1024K, 17 young (17408K), 2 survivors (2048K)
 Metaspace       used 25354K, committed 25536K, reserved 1073152K
  class space    used 2491K, committed 2624K, reserved 1048576K
}
Event: 150.839 GC heap after
{Heap after GC invocations=9 (full 1):
 garbage-first heap   total 30720K, used 8355K [0x00000000c1c00000, 0x0000000100000000)
  region size 1024K, 0 young (0K), 0 survivors (0K)
 Metaspace       used 25354K, committed 25536K, reserved 1073152K
  class space    used 2491K, committed 2624K, reserved 1048576K
}
Event: 156.279 GC heap before
{Heap before GC invocations=9 (full 1):
 garbage-first heap   total 30720K, used 22691K [0x00000000c1c00000, 0x0000000100000000)
  region size 1024K, 14 young (14336K), 0 survivors (0K)
 Metaspace       used 25552K, committed 25728K, reserved 1073152K
  class space    used 2491K, committed 2624K, reserved 1048576K
}
Event: 156.281 GC heap after
{Heap after GC invocations=10 (full 1):
 garbage-first heap   total 30720K, used 9080K [0x00000000c1c00000, 0x0000000100000000)
  region size 1024K, 1 young (1024K), 1 survivors (1024K)
 Metaspace       used 25552K, committed 25728K, reserved 1073152K
  class space    used 2491K, committed 2624K, reserved 1048576K
}
Event: 160.894 GC heap before
{Heap before GC invocations=10 (full 1):
 garbage-first heap   total 30720K, used 23416K [0x00000000c1c00000, 0x0000000100000000)
  region size 1024K, 15 young (15360K), 1 survivors (1024K)
 Metaspace       used 25653K, committed 25856K, reserved 1073152K
  class space    used 2492K, committed 2624K, reserved 1048576K
}
Event: 160.895 GC heap after
{Heap after GC invocations=11 (full 1):
 garbage-first heap   total 30720K, used 9236K [0x00000000c1c00000, 0x0000000100000000)
  region size 1024K, 1 young (1024K), 1 survivors (1024K)
 Metaspace       used 25653K, committed 25856K, reserved 1073152K
  class space    used 2492K, committed 2624K, reserved 1048576K
}
Event: 164.419 GC heap before
{Heap before GC invocations=11 (full 1):
 garbage-first heap   total 30720K, used 23572K [0x00000000c1c00000, 0x0000000100000000)
  region size 1024K, 15 young (15360K), 1 survivors (1024K)
 Metaspace       used 25716K, committed 25920K, reserved 1073152K
  class space    used 2492K, committed 2624K, reserved 1048576K
}
Event: 164.421 GC heap after
{Heap after GC invocations=12 (full 1):
 garbage-first heap   total 30720K, used 9249K [0x00000000c1c00000, 0x0000000100000000)
  region size 1024K, 1 young (1024K), 1 survivors (1024K)
 Metaspace       used 25716K, committed 25920K, reserved 1073152K
  class space    used 2492K, committed 2624K, reserved 1048576K
}
Event: 167.575 GC heap before
{Heap before GC invocations=12 (full 1):
 garbage-first heap   total 30720K, used 23585K [0x00000000c1c00000, 0x0000000100000000)
  region size 1024K, 15 young (15360K), 1 survivors (1024K)
 Metaspace       used 25833K, committed 26048K, reserved 1073152K
  class space    used 2492K, committed 2624K, reserved 1048576K
}
Event: 167.579 GC heap after
{Heap after GC invocations=13 (full 1):
 garbage-first heap   total 30720K, used 9231K [0x00000000c1c00000, 0x0000000100000000)
  region size 1024K, 1 young (1024K), 1 survivors (1024K)
 Metaspace       used 25833K, committed 26048K, reserved 1073152K
  class space    used 2492K, committed 2624K, reserved 1048576K
}
Event: 173.021 GC heap before
{Heap before GC invocations=13 (full 1):
 garbage-first heap   total 30720K, used 24591K [0x00000000c1c00000, 0x0000000100000000)
  region size 1024K, 16 young (16384K), 1 survivors (1024K)
 Metaspace       used 25894K, committed 26112K, reserved 1073152K
  class space    used 2497K, committed 2624K, reserved 1048576K
}
Event: 173.023 GC heap after
{Heap after GC invocations=14 (full 1):
 garbage-first heap   total 30720K, used 9702K [0x00000000c1c00000, 0x0000000100000000)
  region size 1024K, 2 young (2048K), 2 survivors (2048K)
 Metaspace       used 25894K, committed 26112K, reserved 1073152K
  class space    used 2497K, committed 2624K, reserved 1048576K
}
Event: 180.841 GC heap before
{Heap before GC invocations=14 (full 1):
 garbage-first heap   total 30720K, used 21990K [0x00000000c1c00000, 0x0000000100000000)
  region size 1024K, 15 young (15360K), 2 survivors (2048K)
 Metaspace       used 25956K, committed 26176K, reserved 1073152K
  class space    used 2497K, committed 2624K, reserved 1048576K
}
Event: 180.877 GC heap after
{Heap after GC invocations=15 (full 2):
 garbage-first heap   total 30720K, used 9051K [0x00000000c1c00000, 0x0000000100000000)
  region size 1024K, 0 young (0K), 0 survivors (0K)
 Metaspace       used 25956K, committed 26176K, reserved 1073152K
  class space    used 2497K, committed 2624K, reserved 1048576K
}
Event: 195.274 GC heap before
{Heap before GC invocations=15 (full 2):
 garbage-first heap   total 30720K, used 23387K [0x00000000c1c00000, 0x0000000100000000)
  region size 1024K, 14 young (14336K), 0 survivors (0K)
 Metaspace       used 25989K, committed 26240K, reserved 1073152K
  class space    used 2497K, committed 2624K, reserved 1048576K
}
Event: 195.276 GC heap after
{Heap after GC invocations=16 (full 2):
 garbage-first heap   total 30720K, used 9688K [0x00000000c1c00000, 0x0000000100000000)
  region size 1024K, 1 young (1024K), 1 survivors (1024K)
 Metaspace       used 25989K, committed 26240K, reserved 1073152K
  class space    used 2497K, committed 2624K, reserved 1048576K
}

