# JRE version: OpenJDK Runtime Environment Corretto-16.0.2.7.1 (16.0.2+7) (build 16.0.2+7)
# Java VM: OpenJDK 64-Bit Server VM Corretto-16.0.2.7.1 (16.0.2+7, mixed mode, sharing, tiered, compressed oops, compressed class ptrs, g1 gc, windows-amd64)
GC Precious Log:
 CPUs: 4 total, 4 available
 Memory: 3981M
 Large Page Support: Disabled
 NUMA Support: Disabled
 Compressed Oops: Enabled (32-bit)
 Heap Region Size: 1M
 Heap Min Capacity: 8M
 Heap Initial Capacity: 64M
 Heap Max Capacity: 996M
 Pre-touch: Disabled
 Parallel Workers: 4
 Concurrent Workers: 1
 Concurrent Refinement Workers: 4
 Periodic GC: Disabled
Heap:
 garbage-first heap   total 34816K, used 18211K [0x00000000c1c00000, 0x0000000100000000)
  region size 1024K, 12 young (12288K), 2 survivors (2048K)
 Metaspace       used 28236K, committed 28480K, reserved 1081344K
  class space    used 2985K, committed 3136K, reserved 1048576K
GC Heap History (12 events):
Event: 0.423 GC heap before
{Heap before GC invocations=0 (full 0):
 garbage-first heap   total 65536K, used 13312K [0x00000000c1c00000, 0x0000000100000000)
  region size 1024K, 13 young (13312K), 0 survivors (0K)
 Metaspace       used 5355K, committed 5504K, reserved 1056768K
  class space    used 429K, committed 512K, reserved 1048576K
}
Event: 0.427 GC heap after
{Heap after GC invocations=1 (full 0):
 garbage-first heap   total 65536K, used 2606K [0x00000000c1c00000, 0x0000000100000000)
  region size 1024K, 2 young (2048K), 2 survivors (2048K)
 Metaspace       used 5355K, committed 5504K, reserved 1056768K
  class space    used 429K, committed 512K, reserved 1048576K
}
Event: 0.904 GC heap before
{Heap before GC invocations=1 (full 0):
 garbage-first heap   total 65536K, used 18990K [0x00000000c1c00000, 0x0000000100000000)
  region size 1024K, 18 young (18432K), 2 survivors (2048K)
 Metaspace       used 12235K, committed 12416K, reserved 1064960K
  class space    used 1227K, committed 1344K, reserved 1048576K
}
Event: 0.908 GC heap after
{Heap after GC invocations=2 (full 0):
 garbage-first heap   total 65536K, used 4398K [0x00000000c1c00000, 0x0000000100000000)
  region size 1024K, 2 young (2048K), 2 survivors (2048K)
 Metaspace       used 12235K, committed 12416K, reserved 1064960K
  class space    used 1227K, committed 1344K, reserved 1048576K
}
Event: 3.839 GC heap before
{Heap before GC invocations=2 (full 0):
 garbage-first heap   total 65536K, used 39214K [0x00000000c1c00000, 0x0000000100000000)
  region size 1024K, 35 young (35840K), 2 survivors (2048K)
 Metaspace       used 21098K, committed 21248K, reserved 1073152K
  class space    used 2207K, committed 2304K, reserved 1048576K
}
Event: 3.843 GC heap after
{Heap after GC invocations=3 (full 0):
 garbage-first heap   total 65536K, used 7796K [0x00000000c1c00000, 0x0000000100000000)
  region size 1024K, 3 young (3072K), 3 survivors (3072K)
 Metaspace       used 21098K, committed 21248K, reserved 1073152K
  class space    used 2207K, committed 2304K, reserved 1048576K
}
Event: 10.261 GC heap before
{Heap before GC invocations=4 (full 0):
 garbage-first heap   total 34816K, used 25204K [0x00000000c1c00000, 0x0000000100000000)
  region size 1024K, 20 young (20480K), 3 survivors (3072K)
 Metaspace       used 23227K, committed 23488K, reserved 1073152K
  class space    used 2385K, committed 2496K, reserved 1048576K
}
Event: 10.266 GC heap after
{Heap after GC invocations=5 (full 0):
 garbage-first heap   total 34816K, used 8738K [0x00000000c1c00000, 0x0000000100000000)
  region size 1024K, 3 young (3072K), 3 survivors (3072K)
 Metaspace       used 23227K, committed 23488K, reserved 1073152K
  class space    used 2385K, committed 2496K, reserved 1048576K
}
Event: 21.477 GC heap before
{Heap before GC invocations=5 (full 0):
 garbage-first heap   total 34816K, used 23074K [0x00000000c1c00000, 0x0000000100000000)
  region size 1024K, 17 young (17408K), 3 survivors (3072K)
 Metaspace       used 23421K, committed 23616K, reserved 1073152K
  class space    used 2387K, committed 2496K, reserved 1048576K
}
Event: 21.480 GC heap after
{Heap after GC invocations=6 (full 0):
 garbage-first heap   total 34816K, used 8884K [0x00000000c1c00000, 0x0000000100000000)
  region size 1024K, 2 young (2048K), 2 survivors (2048K)
 Metaspace       used 23421K, committed 23616K, reserved 1073152K
  class space    used 2387K, committed 2496K, reserved 1048576K
}
Event: 28.559 GC heap before
{Heap before GC invocations=6 (full 0):
 garbage-first heap   total 34816K, used 24244K [0x00000000c1c00000, 0x0000000100000000)
  region size 1024K, 17 young (17408K), 2 survivors (2048K)
 Metaspace       used 23862K, committed 24064K, reserved 1073152K
  class space    used 2391K, committed 2496K, reserved 1048576K
}
Event: 28.561 GC heap after
{Heap after GC invocations=7 (full 0):
 garbage-first heap   total 34816K, used 8995K [0x00000000c1c00000, 0x0000000100000000)
  region size 1024K, 2 young (2048K), 2 survivors (2048K)
 Metaspace       used 23862K, committed 24064K, reserved 1073152K
  class space    used 2391K, committed 2496K, reserved 1048576K
}

